<?xml version="1.0" encoding="UTF-8"?>
<testsuite name="com.example.simplespringapp.SimpleSpringApp.SimpleSpringAppApplicationTests" tests="1" skipped="0" failures="0" errors="0" timestamp="2023-04-01T23:57:49" hostname="Chethans-Mac-mini.local" time="0.168">
  <properties/>
  <testcase name="contextLoads()" classname="com.example.simplespringapp.SimpleSpringApp.SimpleSpringAppApplicationTests" time="0.168"/>
  <system-out><![CDATA[00:57:48.701 [Test worker] DEBUG org.springframework.boot.test.context.SpringBootTestContextBootstrapper -- Neither @ContextConfiguration nor @ContextHierarchy found for test class [SimpleSpringAppApplicationTests]: using SpringBootContextLoader
00:57:48.704 [Test worker] DEBUG org.springframework.test.context.support.AbstractContextLoader -- Could not detect default resource locations for test class [com.example.simplespringapp.SimpleSpringApp.SimpleSpringAppApplicationTests]: no resource found for suffixes {-context.xml, Context.groovy}.
00:57:48.704 [Test worker] INFO org.springframework.test.context.support.AnnotationConfigContextLoaderUtils -- Could not detect default configuration classes for test class [com.example.simplespringapp.SimpleSpringApp.SimpleSpringAppApplicationTests]: SimpleSpringAppApplicationTests does not declare any static, non-private, non-final, nested classes annotated with @Configuration.
00:57:48.714 [Test worker] DEBUG org.springframework.boot.test.context.SpringBootTestContextBootstrapper -- Using ContextCustomizers for test class [SimpleSpringAppApplicationTests]: [DisableObservabilityContextCustomizer, PropertyMappingContextCustomizer, Customizer, ExcludeFilterContextCustomizer, DuplicateJsonObjectContextCustomizer, MockitoContextCustomizer, TestRestTemplateContextCustomizer]
00:57:48.742 [Test worker] DEBUG org.springframework.context.annotation.ClassPathScanningCandidateComponentProvider -- Identified candidate component class: file [/Users/kris.chethan/IdeaProjects/SimpleSpringApp/build/classes/java/main/com/example/simplespringapp/SimpleSpringAppApplication.class]
00:57:48.742 [Test worker] INFO org.springframework.boot.test.context.SpringBootTestContextBootstrapper -- Found @SpringBootConfiguration com.example.simplespringapp.SimpleSpringAppApplication for test class com.example.simplespringapp.SimpleSpringApp.SimpleSpringAppApplicationTests
00:57:48.777 [Test worker] DEBUG org.springframework.boot.test.context.SpringBootTestContextBootstrapper -- Using TestExecutionListeners for test class [SimpleSpringAppApplicationTests]: [ServletTestExecutionListener, DirtiesContextBeforeModesTestExecutionListener, ApplicationEventsTestExecutionListener, MockitoTestExecutionListener, DependencyInjectionTestExecutionListener, DirtiesContextTestExecutionListener, TransactionalTestExecutionListener, SqlScriptsTestExecutionListener, EventPublishingTestExecutionListener, RestDocsTestExecutionListener, MockRestServiceServerResetTestExecutionListener, MockMvcPrintOnlyOnFailureTestExecutionListener, WebDriverTestExecutionListener, MockWebServiceServerTestExecutionListener, ResetMocksTestExecutionListener]
00:57:48.777 [Test worker] DEBUG org.springframework.test.context.support.AbstractDirtiesContextTestExecutionListener -- Before test class: class [SimpleSpringAppApplicationTests], class annotated with @DirtiesContext [false] with mode [null]

  .   ____          _            __ _ _
 /\\ / ___'_ __ _ _(_)_ __  __ _ \ \ \ \
( ( )\___ | '_ | '_| | '_ \/ _` | \ \ \ \
 \\/  ___)| |_)| | | | | || (_| |  ) ) ) )
  '  |____| .__|_| |_|_| |_\__, | / / / /
 =========|_|==============|___/=/_/_/_/
 :: Spring Boot ::                (v3.0.5)

2023-04-02T00:57:48.904+01:00  INFO 3719 --- [    Test worker] c.e.s.S.SimpleSpringAppApplicationTests  : Starting SimpleSpringAppApplicationTests using Java 20 with PID 3719 (started by kris.chethan in /Users/kris.chethan/IdeaProjects/SimpleSpringApp)
2023-04-02T00:57:48.905+01:00  INFO 3719 --- [    Test worker] c.e.s.S.SimpleSpringAppApplicationTests  : No active profile set, falling back to 1 default profile: "default"
2023-04-02T00:57:49.436+01:00  INFO 3719 --- [    Test worker] com.zaxxer.hikari.HikariDataSource       : HikariPool-1 - Starting...
2023-04-02T00:57:49.514+01:00  INFO 3719 --- [    Test worker] com.zaxxer.hikari.pool.HikariPool        : HikariPool-1 - Added connection conn0: url=jdbc:h2:mem:mydb user=SA
2023-04-02T00:57:49.515+01:00  INFO 3719 --- [    Test worker] com.zaxxer.hikari.HikariDataSource       : HikariPool-1 - Start completed.
2023-04-02T00:57:49.520+01:00  INFO 3719 --- [    Test worker] o.s.b.a.h2.H2ConsoleAutoConfiguration    : H2 console available at '/h2-console'. Database available at 'jdbc:h2:mem:mydb'
2023-04-02T00:57:49.663+01:00  INFO 3719 --- [    Test worker] c.e.s.S.SimpleSpringAppApplicationTests  : Started SimpleSpringAppApplicationTests in 0.861 seconds (process running for 1.353)
]]></system-out>
  <system-err><![CDATA[]]></system-err>
</testsuite>
